[debug] [2021-07-23T01:15:18.672Z] ----------------------------------------------------------------------
[debug] [2021-07-23T01:15:18.674Z] Command:       C:\Program Files\nodejs\node.exe C:\Program Files\nodejs\node_modules\firebase-tools\lib\bin\firebase.js init
[debug] [2021-07-23T01:15:18.675Z] CLI Version:   9.16.0
[debug] [2021-07-23T01:15:18.675Z] Platform:      win32
[debug] [2021-07-23T01:15:18.675Z] Node Version:  v14.17.3
[debug] [2021-07-23T01:15:18.676Z] Time:          Thu Jul 22 2021 22:15:18 GMT-0300 (Horário Padrão de Brasília)
[debug] [2021-07-23T01:15:18.676Z] ----------------------------------------------------------------------
[debug] 
[debug] [2021-07-23T01:15:18.682Z] > command requires scopes: ["email","openid","https://www.googleapis.com/auth/cloudplatformprojects.readonly","https://www.googleapis.com/auth/firebase","https://www.googleapis.com/auth/cloud-platform"]
[debug] [2021-07-23T01:15:18.683Z] > authorizing via signed-in user (adncmc@gmail.com)
[info] 
     ######## #### ########  ######## ########     ###     ######  ########
     ##        ##  ##     ## ##       ##     ##  ##   ##  ##       ##
     ######    ##  ########  ######   ########  #########  ######  ######
     ##        ##  ##    ##  ##       ##     ## ##     ##       ## ##
     ##       #### ##     ## ######## ########  ##     ##  ######  ########

You're about to initialize a Firebase project in this directory:

  C:\Users\Math\www\letmeask

[info] 
=== Project Setup
[info] 
[info] First, let's associate this project directory with a Firebase project.
[info] You can create multiple project aliases by running firebase use --add, 
[info] but for now we'll just set up a default project.
[info] 
[debug] [2021-07-23T01:16:13.244Z] >>> [apiv2][query] GET https://firebase.googleapis.com/v1beta1/projects pageSize=100
[debug] [2021-07-23T01:16:13.755Z] <<< [apiv2][status] GET https://firebase.googleapis.com/v1beta1/projects 200
[debug] [2021-07-23T01:16:13.755Z] <<< [apiv2][body] GET https://firebase.googleapis.com/v1beta1/projects [omitted]
[info] i  Using project letmeask-mbreder (letmeask) 
[info] 
=== Database Setup
[info] i  database: ensuring required API firebasedatabase.googleapis.com is enabled... 
[debug] [2021-07-23T01:16:17.601Z] > refreshing access token with scopes: ["email","https://www.googleapis.com/auth/cloud-platform","https://www.googleapis.com/auth/cloudplatformprojects.readonly","https://www.googleapis.com/auth/firebase","openid"]
[debug] [2021-07-23T01:16:17.602Z] >>> HTTP REQUEST POST https://www.googleapis.com/oauth2/v3/token  
 <request body omitted>
[debug] [2021-07-23T01:16:17.877Z] <<< HTTP RESPONSE 200 {"cache-control":"no-cache, no-store, max-age=0, must-revalidate","date":"Fri, 23 Jul 2021 01:16:23 GMT","expires":"Mon, 01 Jan 1990 00:00:00 GMT","pragma":"no-cache","content-type":"application/json; charset=utf-8","vary":"X-Origin, Referer, Origin,Accept-Encoding","server":"scaffolding on HTTPServer2","x-xss-protection":"0","x-frame-options":"SAMEORIGIN","x-content-type-options":"nosniff","alt-svc":"h3=\":443\"; ma=2592000,h3-29=\":443\"; ma=2592000,h3-T051=\":443\"; ma=2592000,h3-Q050=\":443\"; ma=2592000,h3-Q046=\":443\"; ma=2592000,h3-Q043=\":443\"; ma=2592000,quic=\":443\"; ma=2592000; v=\"46,43\"","accept-ranges":"none","transfer-encoding":"chunked"}
[debug] [2021-07-23T01:16:17.907Z] >>> HTTP REQUEST GET https://serviceusage.googleapis.com/v1/projects/letmeask-mbreder/services/firebasedatabase.googleapis.com  
 
[debug] [2021-07-23T01:16:19.062Z] <<< HTTP RESPONSE 200 {"content-type":"application/json; charset=UTF-8","vary":"X-Origin, Referer, Origin,Accept-Encoding","date":"Fri, 23 Jul 2021 01:16:24 GMT","server":"ESF","cache-control":"private","x-xss-protection":"0","x-frame-options":"SAMEORIGIN","x-content-type-options":"nosniff","alt-svc":"h3=\":443\"; ma=2592000,h3-29=\":443\"; ma=2592000,h3-T051=\":443\"; ma=2592000,h3-Q050=\":443\"; ma=2592000,h3-Q046=\":443\"; ma=2592000,h3-Q043=\":443\"; ma=2592000,quic=\":443\"; ma=2592000; v=\"46,43\"","accept-ranges":"none","transfer-encoding":"chunked"}
[info] +  database: required API firebasedatabase.googleapis.com is enabled 
[info] 
[debug] [2021-07-23T01:16:19.065Z] >>> HTTP REQUEST GET https://firebasedatabase.googleapis.com/v1beta/projects/letmeask-mbreder/locations/-/instances/letmeask-mbreder-default-rtdb  
 
[debug] [2021-07-23T01:16:20.363Z] <<< HTTP RESPONSE 200 {"content-type":"application/json; charset=UTF-8","vary":"X-Origin, Referer, Origin,Accept-Encoding","date":"Fri, 23 Jul 2021 01:16:25 GMT","server":"ESF","cache-control":"private","x-xss-protection":"0","x-frame-options":"SAMEORIGIN","x-content-type-options":"nosniff","alt-svc":"h3=\":443\"; ma=2592000,h3-29=\":443\"; ma=2592000,h3-T051=\":443\"; ma=2592000,h3-Q050=\":443\"; ma=2592000,h3-Q046=\":443\"; ma=2592000,h3-Q043=\":443\"; ma=2592000,quic=\":443\"; ma=2592000; v=\"46,43\"","accept-ranges":"none","transfer-encoding":"chunked"}
[info] 
[info] Firebase Realtime Database Security Rules allow you to define how your data should be
[info] structured and when your data can be read from and written to.
[info] 
[debug] [2021-07-23T01:16:30.183Z] >>> HTTP REQUEST GET https://letmeask-mbreder-default-rtdb.firebaseio.com/.settings/rules.json  
 
[debug] [2021-07-23T01:16:30.811Z] <<< HTTP RESPONSE 200 {"server":"nginx","date":"Fri, 23 Jul 2021 01:16:36 GMT","content-type":"application/json; charset=utf-8","content-length":"569","connection":"keep-alive","access-control-allow-origin":"*","cache-control":"no-cache","strict-transport-security":"max-age=31556926; includeSubDomains; preload"}
[info] +  Database Rules for letmeask-mbreder-default-rtdb have been written to database.rules.json. 
[info] Future modifications to database.rules.json will update Realtime Database Security Rules when you run
[info] firebase deploy.
[info] 
=== Hosting Setup
[info] 
[info] Your public directory is the folder (relative to your project directory) that
[info] will contain Hosting assets to be uploaded with firebase deploy. If you
[info] have a build process for your assets, use your build's output directory.
[info] 
[debug] [2021-07-23T01:17:28.172Z] >>> [apiv2][query] GET https://www.gstatic.com/firebasejs/releases.json [none]
[debug] [2021-07-23T01:17:28.487Z] <<< [apiv2][status] GET https://www.gstatic.com/firebasejs/releases.json 200
[debug] [2021-07-23T01:17:28.492Z] <<< [apiv2][body] GET https://www.gstatic.com/firebasejs/releases.json {"current":{"version":"8.8.0","browserURL":"https://www.gstatic.com/firebasejs/8.8.0/firebase.js","packageURL":"https://www.gstatic.com/firebasejs/8.8.0/firebase.tgz"},"live":{"version":"8.8","browserURL":"https://www.gstatic.com/firebasejs/live/8.8/firebase.js","packageURL":"https://www.gstatic.com/firebasejs/live/8.8/firebase.tgz"},"components":{"analytics":"https://www.gstatic.com/firebasejs/8.8.0/firebase-analytics.js","app":"https://www.gstatic.com/firebasejs/8.8.0/firebase-app.js","app-check":"https://www.gstatic.com/firebasejs/8.8.0/firebase-app-check.js","auth":"https://www.gstatic.com/firebasejs/8.8.0/firebase-auth.js","database":"https://www.gstatic.com/firebasejs/8.8.0/firebase-database.js","firestore":"https://www.gstatic.com/firebasejs/8.8.0/firebase-firestore.js","functions":"https://www.gstatic.com/firebasejs/8.8.0/firebase-functions.js","installations":"https://www.gstatic.com/firebasejs/8.8.0/firebase-installations.js","messaging":"https://www.gstatic.com/firebasejs/8.8.0/firebase-messaging.js","storage":"https://www.gstatic.com/firebasejs/8.8.0/firebase-storage.js","performance":"https://www.gstatic.com/firebasejs/8.8.0/firebase-performance.js","remote-config":"https://www.gstatic.com/firebasejs/8.8.0/firebase-remote-config.js","firestore.memory":"https://www.gstatic.com/firebasejs/8.8.0/firebase-firestore.memory.js"}}
[info] +  Wrote build/index.html 
[info] 
[info] i  Detected a .git folder at C:\Users\Math\www\letmeask 
[info] i  Authorizing with GitHub to upload your service account to a GitHub repository's secrets store. 
[info] 
[info] Visit this URL on this device to log in:
[info] https://github.com/login/oauth/authorize?client_id=89cf50f02ac6aaed3484&state=580694326&redirect_uri=http%3A%2F%2Flocalhost%3A9005&scope=read%3Auser%20repo%20public_repo
[info] 
[info] Waiting for authentication...
[debug] [2021-07-23T01:17:39.521Z] >>> HTTP REQUEST POST https://github.com/login/oauth/access_token  
 {"client_id":"89cf50f02ac6aaed3484","client_secret":"3330d14abc895d9a74d5f17cd7a00711fa2c5bf0","code":"db4a2f59c3edc7238248","redirect_uri":"http://localhost:9005","state":"580694326"}
[debug] [2021-07-23T01:17:39.782Z] <<< HTTP RESPONSE 200 {"server":"GitHub.com","date":"Fri, 23 Jul 2021 01:17:45 GMT","content-type":"application/json; charset=utf-8","transfer-encoding":"chunked","vary":"X-PJAX, Accept-Encoding, Accept, X-Requested-With","permissions-policy":"interest-cohort=()","etag":"W/\"fc4e00d248f81e9fc03dd3e72f355164\"","cache-control":"max-age=0, private, must-revalidate","strict-transport-security":"max-age=31536000; includeSubdomains; preload","x-frame-options":"deny","x-content-type-options":"nosniff","x-xss-protection":"0","referrer-policy":"origin-when-cross-origin, strict-origin-when-cross-origin","expect-ct":"max-age=2592000, report-uri=\"https://api.github.com/_private/browser/errors\"","content-security-policy":"default-src 'none'; base-uri 'self'; block-all-mixed-content; connect-src 'self' uploads.github.com www.githubstatus.com collector.githubapp.com api.github.com github-cloud.s3.amazonaws.com github-production-repository-file-5c1aeb.s3.amazonaws.com github-production-upload-manifest-file-7fdce7.s3.amazonaws.com github-production-user-asset-6210df.s3.amazonaws.com cdn.optimizely.com logx.optimizely.com/v1/events translator.github.com wss://alive.github.com; font-src github.githubassets.com; form-action 'self' github.com gist.github.com; frame-ancestors 'none'; frame-src render.githubusercontent.com render-temp.githubusercontent.com viewscreen.githubusercontent.com; img-src 'self' data: github.githubassets.com identicons.github.com collector.githubapp.com github-cloud.s3.amazonaws.com secured-user-images.githubusercontent.com/ *.githubusercontent.com; manifest-src 'self'; media-src 'none'; script-src github.githubassets.com; style-src 'unsafe-inline' github.githubassets.com; worker-src github.com/socket-worker-3f088aa2.js gist.github.com/socket-worker-3f088aa2.js","x-github-request-id":"1514:0736:27D78:7F841:60FA18B9"}
[debug] [2021-07-23T01:17:39.784Z] >>> [apiv2][query] GET https://api.github.com/user [none]
[debug] [2021-07-23T01:17:40.344Z] <<< [apiv2][status] GET https://api.github.com/user 200
[debug] [2021-07-23T01:17:40.344Z] <<< [apiv2][body] GET https://api.github.com/user {"login":"mathbreder","id":29694583,"node_id":"MDQ6VXNlcjI5Njk0NTgz","avatar_url":"https://avatars.githubusercontent.com/u/29694583?v=4","gravatar_id":"","url":"https://api.github.com/users/mathbreder","html_url":"https://github.com/mathbreder","followers_url":"https://api.github.com/users/mathbreder/followers","following_url":"https://api.github.com/users/mathbreder/following{/other_user}","gists_url":"https://api.github.com/users/mathbreder/gists{/gist_id}","starred_url":"https://api.github.com/users/mathbreder/starred{/owner}{/repo}","subscriptions_url":"https://api.github.com/users/mathbreder/subscriptions","organizations_url":"https://api.github.com/users/mathbreder/orgs","repos_url":"https://api.github.com/users/mathbreder/repos","events_url":"https://api.github.com/users/mathbreder/events{/privacy}","received_events_url":"https://api.github.com/users/mathbreder/received_events","type":"User","site_admin":false,"name":"Matheus Breder","company":null,"blog":"","location":null,"email":"matheus.breder@outlook.com.br","hireable":true,"bio":null,"twitter_username":null,"public_repos":5,"public_gists":0,"followers":0,"following":0,"created_at":"2017-06-25T21:01:53Z","updated_at":"2021-07-23T01:17:44Z","private_gists":0,"total_private_repos":1,"owned_private_repos":1,"disk_usage":6961,"collaborators":0,"two_factor_authentication":false,"plan":{"name":"free","space":976562499,"collaborators":0,"private_repos":10000}}
[info] 
[info] +  Success! Logged into GitHub as mathbreder 
[info] 
